[2026-02-04T03:00:17.6435218+01:00] OnFrameworkInitializationCompleted start
[2026-02-04T03:00:17.8669326+01:00] MainWindow assigned
[2026-02-04T03:00:17.8672491+01:00] OnFrameworkInitializationCompleted end
[2026-02-04T03:00:18.0774621+01:00] MainWindow Opened
[2026-02-04T03:00:47.5430486+01:00] MainWindow Closed
[2026-02-04T03:29:24.8030415+01:00] OnFrameworkInitializationCompleted start
[2026-02-04T03:29:25.0539138+01:00] MainWindow assigned
[2026-02-04T03:29:25.0547983+01:00] OnFrameworkInitializationCompleted end
[2026-02-04T03:29:25.2654583+01:00] MainWindow Opened
[2026-02-04T03:29:42.4674878+01:00] MainWindow Closed
[2026-02-04T03:36:12.4960352+01:00] OnFrameworkInitializationCompleted start
[2026-02-04T03:36:12.7127709+01:00] MainWindow assigned
[2026-02-04T03:36:12.7130985+01:00] OnFrameworkInitializationCompleted end
[2026-02-04T03:36:12.9171648+01:00] MainWindow Opened
[2026-02-04T03:36:23.3797309+01:00] MainWindow Closed
[2026-02-04T03:47:35.5004906+01:00] OnFrameworkInitializationCompleted start
[2026-02-04T03:47:35.7253825+01:00] MainWindow assigned
[2026-02-04T03:47:35.7260474+01:00] OnFrameworkInitializationCompleted end
[2026-02-04T03:47:35.9297272+01:00] MainWindow Opened
[2026-02-04T03:49:13.2819024+01:00] MainWindow Closed
[2026-02-04T14:11:30.5250438+01:00] OnFrameworkInitializationCompleted start
[2026-02-04T14:11:30.7265599+01:00] MainWindow assigned
[2026-02-04T14:11:30.7268627+01:00] OnFrameworkInitializationCompleted end
[2026-02-04T14:11:30.9264305+01:00] MainWindow Opened
[2026-02-04T14:11:46.9995064+01:00] MainWindow Closed
[2026-02-04T14:13:57.8387106+01:00] OnFrameworkInitializationCompleted start
[2026-02-04T14:13:58.0285859+01:00] MainWindow assigned
[2026-02-04T14:13:58.0289360+01:00] OnFrameworkInitializationCompleted end
[2026-02-04T14:13:58.2033516+01:00] MainWindow Opened
[2026-02-04T14:14:32.5397975+01:00] MainWindow Closed
[2026-02-04T14:16:21.6757875+01:00] OnFrameworkInitializationCompleted start
[2026-02-04T14:16:21.9006138+01:00] MainWindow assigned
[2026-02-04T14:16:21.9010381+01:00] OnFrameworkInitializationCompleted end
[2026-02-04T14:16:22.0916067+01:00] MainWindow Opened
[2026-02-04T14:16:39.8212317+01:00] MainWindow Closed
